# JRE version: OpenJDK Runtime Environment (8.0_242-b01) (build 1.8.0_242-release-1644-b01)
# Java VM: OpenJDK 64-Bit Server VM (25.242-b01 mixed mode windows-amd64 compressed oops)
Heap:
 PSYoungGen      total 361984K, used 213605K [0x00000000d5580000, 0x00000000f2c80000, 0x0000000100000000)
  eden space 335872K, 55% used [0x00000000d5580000,0x00000000e0ca03e8,0x00000000e9d80000)
  from space 26112K, 99% used [0x00000000e9d80000,0x00000000eb6f9040,0x00000000eb700000)
  to   space 30208K, 0% used [0x00000000f0f00000,0x00000000f0f00000,0x00000000f2c80000)
 ParOldGen       total 196096K, used 36084K [0x0000000080000000, 0x000000008bf80000, 0x00000000d5580000)
  object space 196096K, 18% used [0x0000000080000000,0x000000008233d078,0x000000008bf80000)
 Metaspace       used 76336K, capacity 79482K, committed 79640K, reserved 1118208K
  class space    used 10379K, capacity 11049K, committed 11056K, reserved 1048576K
GC Heap History (10 events):
Event: 2.633 GC heap before
{Heap before GC invocations=8 (full 2):
 PSYoungGen      total 231936K, used 9555K [0x00000000d5580000, 0x00000000e4980000, 0x0000000100000000)
  eden space 220160K, 0% used [0x00000000d5580000,0x00000000d5580000,0x00000000e2c80000)
  from space 11776K, 81% used [0x00000000e3e00000,0x00000000e4754f88,0x00000000e4980000)
  to   space 14848K, 0% used [0x00000000e2c80000,0x00000000e2c80000,0x00000000e3b00000)
 ParOldGen       total 92160K, used 10009K [0x0000000080000000, 0x0000000085a00000, 0x00000000d5580000)
  object space 92160K, 10% used [0x0000000080000000,0x00000000809c67e8,0x0000000085a00000)
 Metaspace       used 34565K, capacity 35390K, committed 35496K, reserved 1079296K
  class space    used 4743K, capacity 4970K, committed 5040K, reserved 1048576K
Event: 2.662 GC heap after
Heap after GC invocations=8 (full 2):
 PSYoungGen      total 231936K, used 0K [0x00000000d5580000, 0x00000000e4980000, 0x0000000100000000)
  eden space 220160K, 0% used [0x00000000d5580000,0x00000000d5580000,0x00000000e2c80000)
  from space 11776K, 0% used [0x00000000e3e00000,0x00000000e3e00000,0x00000000e4980000)
  to   space 14848K, 0% used [0x00000000e2c80000,0x00000000e2c80000,0x00000000e3b00000)
 ParOldGen       total 135680K, used 16236K [0x0000000080000000, 0x0000000088480000, 0x00000000d5580000)
  object space 135680K, 11% used [0x0000000080000000,0x0000000080fdb310,0x0000000088480000)
 Metaspace       used 34565K, capacity 35390K, committed 35496K, reserved 1079296K
  class space    used 4743K, capacity 4970K, committed 5040K, reserved 1048576K
}
Event: 5.358 GC heap before
{Heap before GC invocations=9 (full 2):
 PSYoungGen      total 231936K, used 220160K [0x00000000d5580000, 0x00000000e4980000, 0x0000000100000000)
  eden space 220160K, 100% used [0x00000000d5580000,0x00000000e2c80000,0x00000000e2c80000)
  from space 11776K, 0% used [0x00000000e3e00000,0x00000000e3e00000,0x00000000e4980000)
  to   space 14848K, 0% used [0x00000000e2c80000,0x00000000e2c80000,0x00000000e3b00000)
 ParOldGen       total 135680K, used 16236K [0x0000000080000000, 0x0000000088480000, 0x00000000d5580000)
  object space 135680K, 11% used [0x0000000080000000,0x0000000080fdb310,0x0000000088480000)
 Metaspace       used 51216K, capacity 52910K, committed 53160K, reserved 1095680K
  class space    used 6825K, capacity 7222K, committed 7344K, reserved 1048576K
Event: 5.380 GC heap after
Heap after GC invocations=9 (full 2):
 PSYoungGen      total 235008K, used 14828K [0x00000000d5580000, 0x00000000ed000000, 0x0000000100000000)
  eden space 220160K, 0% used [0x00000000d5580000,0x00000000d5580000,0x00000000e2c80000)
  from space 14848K, 99% used [0x00000000e2c80000,0x00000000e3afb330,0x00000000e3b00000)
  to   space 22528K, 0% used [0x00000000eba00000,0x00000000eba00000,0x00000000ed000000)
 ParOldGen       total 135680K, used 27815K [0x0000000080000000, 0x0000000088480000, 0x00000000d5580000)
  object space 135680K, 20% used [0x0000000080000000,0x0000000081b29ca0,0x0000000088480000)
 Metaspace       used 51216K, capacity 52910K, committed 53160K, reserved 1095680K
  class space    used 6825K, capacity 7222K, committed 7344K, reserved 1048576K
}
Event: 6.262 GC heap before
{Heap before GC invocations=10 (full 2):
 PSYoungGen      total 235008K, used 77275K [0x00000000d5580000, 0x00000000ed000000, 0x0000000100000000)
  eden space 220160K, 28% used [0x00000000d5580000,0x00000000d927bbb0,0x00000000e2c80000)
  from space 14848K, 99% used [0x00000000e2c80000,0x00000000e3afb330,0x00000000e3b00000)
  to   space 22528K, 0% used [0x00000000eba00000,0x00000000eba00000,0x00000000ed000000)
 ParOldGen       total 135680K, used 27815K [0x0000000080000000, 0x0000000088480000, 0x00000000d5580000)
  object space 135680K, 20% used [0x0000000080000000,0x0000000081b29ca0,0x0000000088480000)
 Metaspace       used 57217K, capacity 59142K, committed 59160K, reserved 1099776K
  class space    used 7771K, capacity 8224K, committed 8240K, reserved 1048576K
Event: 6.274 GC heap after
Heap after GC invocations=10 (full 2):
 PSYoungGen      total 358400K, used 22511K [0x00000000d5580000, 0x00000000ed080000, 0x0000000100000000)
  eden space 335872K, 0% used [0x00000000d5580000,0x00000000d5580000,0x00000000e9d80000)
  from space 22528K, 99% used [0x00000000eba00000,0x00000000ecffbf98,0x00000000ed000000)
  to   space 26112K, 0% used [0x00000000e9d80000,0x00000000e9d80000,0x00000000eb700000)
 ParOldGen       total 135680K, used 28027K [0x0000000080000000, 0x0000000088480000, 0x00000000d5580000)
  object space 135680K, 20% used [0x0000000080000000,0x0000000081b5edf8,0x0000000088480000)
 Metaspace       used 57217K, capacity 59142K, committed 59160K, reserved 1099776K
  class space    used 7771K, capacity 8224K, committed 8240K, reserved 1048576K
}
Event: 6.274 GC heap before
{Heap before GC invocations=11 (full 3):
 PSYoungGen      total 358400K, used 22511K [0x00000000d5580000, 0x00000000ed080000, 0x0000000100000000)
  eden space 335872K, 0% used [0x00000000d5580000,0x00000000d5580000,0x00000000e9d80000)
  from space 22528K, 99% used [0x00000000eba00000,0x00000000ecffbf98,0x00000000ed000000)
  to   space 26112K, 0% used [0x00000000e9d80000,0x00000000e9d80000,0x00000000eb700000)
 ParOldGen       total 135680K, used 28027K [0x0000000080000000, 0x0000000088480000, 0x00000000d5580000)
  object space 135680K, 20% used [0x0000000080000000,0x0000000081b5edf8,0x0000000088480000)
 Metaspace       used 57217K, capacity 59142K, committed 59160K, reserved 1099776K
  class space    used 7771K, capacity 8224K, committed 8240K, reserved 1048576K
Event: 6.388 GC heap after
Heap after GC invocations=11 (full 3):
 PSYoungGen      total 358400K, used 0K [0x00000000d5580000, 0x00000000ed080000, 0x0000000100000000)
  eden space 335872K, 0% used [0x00000000d5580000,0x00000000d5580000,0x00000000e9d80000)
  from space 22528K, 0% used [0x00000000eba00000,0x00000000eba00000,0x00000000ed000000)
  to   space 26112K, 0% used [0x00000000e9d80000,0x00000000e9d80000,0x00000000eb700000)
 ParOldGen       total 196096K, used 35512K [0x0000000080000000, 0x000000008bf80000, 0x00000000d5580000)
  object space 196096K, 18% used [0x0000000080000000,0x00000000822ae138,0x000000008bf80000)
 Metaspace       used 57205K, capacity 59100K, committed 59160K, reserved 1099776K
  class space    used 7767K, capacity 8217K, committed 8240K, reserved 1048576K
}
Event: 10.505 GC heap before
{Heap before GC invocations=12 (full 3):
 PSYoungGen      total 358400K, used 335872K [0x00000000d5580000, 0x00000000ed080000, 0x0000000100000000)
  eden space 335872K, 100% used [0x00000000d5580000,0x00000000e9d80000,0x00000000e9d80000)
  from space 22528K, 0% used [0x00000000eba00000,0x00000000eba00000,0x00000000ed000000)
  to   space 26112K, 0% used [0x00000000e9d80000,0x00000000e9d80000,0x00000000eb700000)
 ParOldGen       total 196096K, used 35512K [0x0000000080000000, 0x000000008bf80000, 0x00000000d5580000)
  object space 196096K, 18% used [0x0000000080000000,0x00000000822ae138,0x000000008bf80000)
 Metaspace       used 69240K, capacity 72106K, committed 72216K, reserved 1112064K
  class space    used 9442K, capacity 10006K, committed 10032K, reserved 1048576K
Event: 10.520 GC heap after
Heap after GC invocations=12 (full 3):
 PSYoungGen      total 361984K, used 26084K [0x00000000d5580000, 0x00000000f2c80000, 0x0000000100000000)
  eden space 335872K, 0% used [0x00000000d5580000,0x00000000d5580000,0x00000000e9d80000)
  from space 26112K, 99% used [0x00000000e9d80000,0x00000000eb6f9040,0x00000000eb700000)
  to   space 30208K, 0% used [0x00000000f0f00000,0x00000000f0f00000,0x00000000f2c80000)
 ParOldGen       total 196096K, used 36084K [0x0000000080000000, 0x000000008bf80000, 0x00000000d5580000)
  object space 196096K, 18% used [0x0000000080000000,0x000000008233d078,0x000000008bf80000)
 Metaspace       used 69240K, capacity 72106K, committed 72216K, reserved 1112064K
  class space    used 9442K, capacity 10006K, committed 10032K, reserved 1048576K
}

