# JRE version: OpenJDK Runtime Environment (8.0_242-b01) (build 1.8.0_242-release-1644-b01)
# Java VM: OpenJDK 64-Bit Server VM (25.242-b01 mixed mode windows-amd64 compressed oops)
Heap:
 PSYoungGen      total 417280K, used 49008K [0x00000000d5580000, 0x00000000f1f00000, 0x0000000100000000)
  eden space 387584K, 4% used [0x00000000d5580000,0x00000000d685db88,0x00000000ed000000)
  from space 29696K, 99% used [0x00000000ef780000,0x00000000f147e810,0x00000000f1480000)
  to   space 40448K, 0% used [0x00000000ed000000,0x00000000ed000000,0x00000000ef780000)
 ParOldGen       total 208896K, used 53244K [0x0000000080000000, 0x000000008cc00000, 0x00000000d5580000)
  object space 208896K, 25% used [0x0000000080000000,0x00000000833ff240,0x000000008cc00000)
 Metaspace       used 88965K, capacity 93059K, committed 93336K, reserved 1132544K
  class space    used 12111K, capacity 12907K, committed 12976K, reserved 1048576K
GC Heap History (10 events):
Event: 4.553 GC heap before
{Heap before GC invocations=9 (full 2):
 PSYoungGen      total 236032K, used 221696K [0x00000000d5580000, 0x00000000e4b00000, 0x0000000100000000)
  eden space 221696K, 100% used [0x00000000d5580000,0x00000000e2e00000,0x00000000e2e00000)
  from space 14336K, 0% used [0x00000000e3d00000,0x00000000e3d00000,0x00000000e4b00000)
  to   space 14848K, 0% used [0x00000000e2e00000,0x00000000e2e00000,0x00000000e3c80000)
 ParOldGen       total 142848K, used 16171K [0x0000000080000000, 0x0000000088b80000, 0x00000000d5580000)
  object space 142848K, 11% used [0x0000000080000000,0x0000000080fcad98,0x0000000088b80000)
 Metaspace       used 51879K, capacity 53566K, committed 53672K, reserved 1095680K
  class space    used 6909K, capacity 7290K, committed 7344K, reserved 1048576K
Event: 4.569 GC heap after
Heap after GC invocations=9 (full 2):
 PSYoungGen      total 236544K, used 14828K [0x00000000d5580000, 0x00000000ebf80000, 0x0000000100000000)
  eden space 221696K, 0% used [0x00000000d5580000,0x00000000d5580000,0x00000000e2e00000)
  from space 14848K, 99% used [0x00000000e2e00000,0x00000000e3c7b330,0x00000000e3c80000)
  to   space 23040K, 0% used [0x00000000ea900000,0x00000000ea900000,0x00000000ebf80000)
 ParOldGen       total 142848K, used 28408K [0x0000000080000000, 0x0000000088b80000, 0x00000000d5580000)
  object space 142848K, 19% used [0x0000000080000000,0x0000000081bbe3e8,0x0000000088b80000)
 Metaspace       used 51879K, capacity 53566K, committed 53672K, reserved 1095680K
  class space    used 6909K, capacity 7290K, committed 7344K, reserved 1048576K
}
Event: 5.068 GC heap before
{Heap before GC invocations=10 (full 2):
 PSYoungGen      total 236544K, used 78681K [0x00000000d5580000, 0x00000000ebf80000, 0x0000000100000000)
  eden space 221696K, 28% used [0x00000000d5580000,0x00000000d93db420,0x00000000e2e00000)
  from space 14848K, 99% used [0x00000000e2e00000,0x00000000e3c7b330,0x00000000e3c80000)
  to   space 23040K, 0% used [0x00000000ea900000,0x00000000ea900000,0x00000000ebf80000)
 ParOldGen       total 142848K, used 28408K [0x0000000080000000, 0x0000000088b80000, 0x00000000d5580000)
  object space 142848K, 19% used [0x0000000080000000,0x0000000081bbe3e8,0x0000000088b80000)
 Metaspace       used 57263K, capacity 59118K, committed 59160K, reserved 1099776K
  class space    used 7782K, capacity 8216K, committed 8240K, reserved 1048576K
Event: 5.085 GC heap after
Heap after GC invocations=10 (full 2):
 PSYoungGen      total 344576K, used 22062K [0x00000000d5580000, 0x00000000ec800000, 0x0000000100000000)
  eden space 321536K, 0% used [0x00000000d5580000,0x00000000d5580000,0x00000000e8f80000)
  from space 23040K, 95% used [0x00000000ea900000,0x00000000ebe8bad8,0x00000000ebf80000)
  to   space 26112K, 0% used [0x00000000e8f80000,0x00000000e8f80000,0x00000000ea900000)
 ParOldGen       total 142848K, used 28416K [0x0000000080000000, 0x0000000088b80000, 0x00000000d5580000)
  object space 142848K, 19% used [0x0000000080000000,0x0000000081bc03e8,0x0000000088b80000)
 Metaspace       used 57263K, capacity 59118K, committed 59160K, reserved 1099776K
  class space    used 7782K, capacity 8216K, committed 8240K, reserved 1048576K
}
Event: 5.085 GC heap before
{Heap before GC invocations=11 (full 3):
 PSYoungGen      total 344576K, used 22062K [0x00000000d5580000, 0x00000000ec800000, 0x0000000100000000)
  eden space 321536K, 0% used [0x00000000d5580000,0x00000000d5580000,0x00000000e8f80000)
  from space 23040K, 95% used [0x00000000ea900000,0x00000000ebe8bad8,0x00000000ebf80000)
  to   space 26112K, 0% used [0x00000000e8f80000,0x00000000e8f80000,0x00000000ea900000)
 ParOldGen       total 142848K, used 28416K [0x0000000080000000, 0x0000000088b80000, 0x00000000d5580000)
  object space 142848K, 19% used [0x0000000080000000,0x0000000081bc03e8,0x0000000088b80000)
 Metaspace       used 57263K, capacity 59118K, committed 59160K, reserved 1099776K
  class space    used 7782K, capacity 8216K, committed 8240K, reserved 1048576K
Event: 5.215 GC heap after
Heap after GC invocations=11 (full 3):
 PSYoungGen      total 344576K, used 0K [0x00000000d5580000, 0x00000000ec800000, 0x0000000100000000)
  eden space 321536K, 0% used [0x00000000d5580000,0x00000000d5580000,0x00000000e8f80000)
  from space 23040K, 0% used [0x00000000ea900000,0x00000000ea900000,0x00000000ebf80000)
  to   space 26112K, 0% used [0x00000000e8f80000,0x00000000e8f80000,0x00000000ea900000)
 ParOldGen       total 208896K, used 35019K [0x0000000080000000, 0x000000008cc00000, 0x00000000d5580000)
  object space 208896K, 16% used [0x0000000080000000,0x0000000082232c40,0x000000008cc00000)
 Metaspace       used 57263K, capacity 59118K, committed 59160K, reserved 1099776K
  class space    used 7782K, capacity 8216K, committed 8240K, reserved 1048576K
}
Event: 7.015 GC heap before
{Heap before GC invocations=12 (full 3):
 PSYoungGen      total 344576K, used 321536K [0x00000000d5580000, 0x00000000ec800000, 0x0000000100000000)
  eden space 321536K, 100% used [0x00000000d5580000,0x00000000e8f80000,0x00000000e8f80000)
  from space 23040K, 0% used [0x00000000ea900000,0x00000000ea900000,0x00000000ebf80000)
  to   space 26112K, 0% used [0x00000000e8f80000,0x00000000e8f80000,0x00000000ea900000)
 ParOldGen       total 208896K, used 35019K [0x0000000080000000, 0x000000008cc00000, 0x00000000d5580000)
  object space 208896K, 16% used [0x0000000080000000,0x0000000082232c40,0x000000008cc00000)
 Metaspace       used 68173K, capacity 71018K, committed 71064K, reserved 1110016K
  class space    used 9327K, capacity 9892K, committed 9904K, reserved 1048576K
Event: 7.035 GC heap after
Heap after GC invocations=12 (full 3):
 PSYoungGen      total 347648K, used 26008K [0x00000000d5580000, 0x00000000f1480000, 0x0000000100000000)
  eden space 321536K, 0% used [0x00000000d5580000,0x00000000d5580000,0x00000000e8f80000)
  from space 26112K, 99% used [0x00000000e8f80000,0x00000000ea8e60f8,0x00000000ea900000)
  to   space 29696K, 0% used [0x00000000ef780000,0x00000000ef780000,0x00000000f1480000)
 ParOldGen       total 208896K, used 35027K [0x0000000080000000, 0x000000008cc00000, 0x00000000d5580000)
  object space 208896K, 16% used [0x0000000080000000,0x0000000082234c40,0x000000008cc00000)
 Metaspace       used 68173K, capacity 71018K, committed 71064K, reserved 1110016K
  class space    used 9327K, capacity 9892K, committed 9904K, reserved 1048576K
}
Event: 16.249 GC heap before
{Heap before GC invocations=13 (full 3):
 PSYoungGen      total 347648K, used 347544K [0x00000000d5580000, 0x00000000f1480000, 0x0000000100000000)
  eden space 321536K, 100% used [0x00000000d5580000,0x00000000e8f80000,0x00000000e8f80000)
  from space 26112K, 99% used [0x00000000e8f80000,0x00000000ea8e60f8,0x00000000ea900000)
  to   space 29696K, 0% used [0x00000000ef780000,0x00000000ef780000,0x00000000f1480000)
 ParOldGen       total 208896K, used 35027K [0x0000000080000000, 0x000000008cc00000, 0x00000000d5580000)
  object space 208896K, 16% used [0x0000000080000000,0x0000000082234c40,0x000000008cc00000)
 Metaspace       used 87968K, capacity 91982K, committed 92056K, reserved 1128448K
  class space    used 11924K, capacity 12716K, committed 12720K, reserved 1048576K
Event: 16.288 GC heap after
Heap after GC invocations=13 (full 3):
 PSYoungGen      total 417280K, used 29690K [0x00000000d5580000, 0x00000000f1f00000, 0x0000000100000000)
  eden space 387584K, 0% used [0x00000000d5580000,0x00000000d5580000,0x00000000ed000000)
  from space 29696K, 99% used [0x00000000ef780000,0x00000000f147e810,0x00000000f1480000)
  to   space 40448K, 0% used [0x00000000ed000000,0x00000000ed000000,0x00000000ef780000)
 ParOldGen       total 208896K, used 53244K [0x0000000080000000, 0x000000008cc00000, 0x00000000d5580000)
  object space 208896K, 25% used [0x0000000080000000,0x00000000833ff240,0x000000008cc00000)
 Metaspace       used 87968K, capacity 91982K, committed 92056K, reserved 1128448K
  class space    used 11924K, capacity 12716K, committed 12720K, reserved 1048576K
}

