# JRE version: OpenJDK Runtime Environment (8.0_242-b01) (build 1.8.0_242-release-1644-b01)
# Java VM: OpenJDK 64-Bit Server VM (25.242-b01 mixed mode windows-amd64 compressed oops)
Heap:
 PSYoungGen      total 350208K, used 210802K [0x00000000d5580000, 0x00000000f1480000, 0x0000000100000000)
  eden space 324096K, 56% used [0x00000000d5580000,0x00000000e09e1550,0x00000000e9200000)
  from space 26112K, 99% used [0x00000000e9200000,0x00000000eab7b628,0x00000000eab80000)
  to   space 30208K, 0% used [0x00000000ef700000,0x00000000ef700000,0x00000000f1480000)
 ParOldGen       total 214016K, used 35966K [0x0000000080000000, 0x000000008d100000, 0x00000000d5580000)
  object space 214016K, 16% used [0x0000000080000000,0x000000008231f968,0x000000008d100000)
 Metaspace       used 78271K, capacity 81532K, committed 81560K, reserved 1120256K
  class space    used 10519K, capacity 11171K, committed 11184K, reserved 1048576K
GC Heap History (10 events):
Event: 2.367 GC heap before
{Heap before GC invocations=8 (full 2):
 PSYoungGen      total 234496K, used 9467K [0x00000000d5580000, 0x00000000e4900000, 0x0000000100000000)
  eden space 219648K, 0% used [0x00000000d5580000,0x00000000d5580000,0x00000000e2c00000)
  from space 14848K, 63% used [0x00000000e3a80000,0x00000000e43bef30,0x00000000e4900000)
  to   space 14848K, 0% used [0x00000000e2c00000,0x00000000e2c00000,0x00000000e3a80000)
 ParOldGen       total 94208K, used 10192K [0x0000000080000000, 0x0000000085c00000, 0x00000000d5580000)
  object space 94208K, 10% used [0x0000000080000000,0x00000000809f4398,0x0000000085c00000)
 Metaspace       used 34574K, capacity 35426K, committed 35496K, reserved 1079296K
  class space    used 4753K, capacity 5002K, committed 5040K, reserved 1048576K
Event: 2.402 GC heap after
Heap after GC invocations=8 (full 2):
 PSYoungGen      total 234496K, used 0K [0x00000000d5580000, 0x00000000e4900000, 0x0000000100000000)
  eden space 219648K, 0% used [0x00000000d5580000,0x00000000d5580000,0x00000000e2c00000)
  from space 14848K, 0% used [0x00000000e3a80000,0x00000000e3a80000,0x00000000e4900000)
  to   space 14848K, 0% used [0x00000000e2c00000,0x00000000e2c00000,0x00000000e3a80000)
 ParOldGen       total 145408K, used 16131K [0x0000000080000000, 0x0000000088e00000, 0x00000000d5580000)
  object space 145408K, 11% used [0x0000000080000000,0x0000000080fc0ec0,0x0000000088e00000)
 Metaspace       used 34574K, capacity 35426K, committed 35496K, reserved 1079296K
  class space    used 4753K, capacity 5002K, committed 5040K, reserved 1048576K
}
Event: 3.825 GC heap before
{Heap before GC invocations=9 (full 2):
 PSYoungGen      total 234496K, used 219648K [0x00000000d5580000, 0x00000000e4900000, 0x0000000100000000)
  eden space 219648K, 100% used [0x00000000d5580000,0x00000000e2c00000,0x00000000e2c00000)
  from space 14848K, 0% used [0x00000000e3a80000,0x00000000e3a80000,0x00000000e4900000)
  to   space 14848K, 0% used [0x00000000e2c00000,0x00000000e2c00000,0x00000000e3a80000)
 ParOldGen       total 145408K, used 16131K [0x0000000080000000, 0x0000000088e00000, 0x00000000d5580000)
  object space 145408K, 11% used [0x0000000080000000,0x0000000080fc0ec0,0x0000000088e00000)
 Metaspace       used 51229K, capacity 52956K, committed 53160K, reserved 1095680K
  class space    used 6828K, capacity 7217K, committed 7344K, reserved 1048576K
Event: 3.846 GC heap after
Heap after GC invocations=9 (full 2):
 PSYoungGen      total 234496K, used 14828K [0x00000000d5580000, 0x00000000ec180000, 0x0000000100000000)
  eden space 219648K, 0% used [0x00000000d5580000,0x00000000d5580000,0x00000000e2c00000)
  from space 14848K, 99% used [0x00000000e2c00000,0x00000000e3a7b330,0x00000000e3a80000)
  to   space 22528K, 0% used [0x00000000eab80000,0x00000000eab80000,0x00000000ec180000)
 ParOldGen       total 145408K, used 27591K [0x0000000080000000, 0x0000000088e00000, 0x00000000d5580000)
  object space 145408K, 18% used [0x0000000080000000,0x0000000081af1f28,0x0000000088e00000)
 Metaspace       used 51229K, capacity 52956K, committed 53160K, reserved 1095680K
  class space    used 6828K, capacity 7217K, committed 7344K, reserved 1048576K
}
Event: 4.302 GC heap before
{Heap before GC invocations=10 (full 2):
 PSYoungGen      total 234496K, used 79965K [0x00000000d5580000, 0x00000000ec180000, 0x0000000100000000)
  eden space 219648K, 29% used [0x00000000d5580000,0x00000000d951c190,0x00000000e2c00000)
  from space 14848K, 99% used [0x00000000e2c00000,0x00000000e3a7b330,0x00000000e3a80000)
  to   space 22528K, 0% used [0x00000000eab80000,0x00000000eab80000,0x00000000ec180000)
 ParOldGen       total 145408K, used 27591K [0x0000000080000000, 0x0000000088e00000, 0x00000000d5580000)
  object space 145408K, 18% used [0x0000000080000000,0x0000000081af1f28,0x0000000088e00000)
 Metaspace       used 57156K, capacity 59124K, committed 59160K, reserved 1099776K
  class space    used 7773K, capacity 8217K, committed 8240K, reserved 1048576K
Event: 4.317 GC heap after
Heap after GC invocations=10 (full 2):
 PSYoungGen      total 346624K, used 22496K [0x00000000d5580000, 0x00000000ecb00000, 0x0000000100000000)
  eden space 324096K, 0% used [0x00000000d5580000,0x00000000d5580000,0x00000000e9200000)
  from space 22528K, 99% used [0x00000000eab80000,0x00000000ec178128,0x00000000ec180000)
  to   space 26112K, 0% used [0x00000000e9200000,0x00000000e9200000,0x00000000eab80000)
 ParOldGen       total 145408K, used 27881K [0x0000000080000000, 0x0000000088e00000, 0x00000000d5580000)
  object space 145408K, 19% used [0x0000000080000000,0x0000000081b3a5a8,0x0000000088e00000)
 Metaspace       used 57156K, capacity 59124K, committed 59160K, reserved 1099776K
  class space    used 7773K, capacity 8217K, committed 8240K, reserved 1048576K
}
Event: 4.317 GC heap before
{Heap before GC invocations=11 (full 3):
 PSYoungGen      total 346624K, used 22496K [0x00000000d5580000, 0x00000000ecb00000, 0x0000000100000000)
  eden space 324096K, 0% used [0x00000000d5580000,0x00000000d5580000,0x00000000e9200000)
  from space 22528K, 99% used [0x00000000eab80000,0x00000000ec178128,0x00000000ec180000)
  to   space 26112K, 0% used [0x00000000e9200000,0x00000000e9200000,0x00000000eab80000)
 ParOldGen       total 145408K, used 27881K [0x0000000080000000, 0x0000000088e00000, 0x00000000d5580000)
  object space 145408K, 19% used [0x0000000080000000,0x0000000081b3a5a8,0x0000000088e00000)
 Metaspace       used 57156K, capacity 59124K, committed 59160K, reserved 1099776K
  class space    used 7773K, capacity 8217K, committed 8240K, reserved 1048576K
Event: 4.434 GC heap after
Heap after GC invocations=11 (full 3):
 PSYoungGen      total 346624K, used 0K [0x00000000d5580000, 0x00000000ecb00000, 0x0000000100000000)
  eden space 324096K, 0% used [0x00000000d5580000,0x00000000d5580000,0x00000000e9200000)
  from space 22528K, 0% used [0x00000000eab80000,0x00000000eab80000,0x00000000ec180000)
  to   space 26112K, 0% used [0x00000000e9200000,0x00000000e9200000,0x00000000eab80000)
 ParOldGen       total 214016K, used 35372K [0x0000000080000000, 0x000000008d100000, 0x00000000d5580000)
  object space 214016K, 16% used [0x0000000080000000,0x000000008228b068,0x000000008d100000)
 Metaspace       used 57152K, capacity 59112K, committed 59160K, reserved 1099776K
  class space    used 7772K, capacity 8215K, committed 8240K, reserved 1048576K
}
Event: 6.175 GC heap before
{Heap before GC invocations=12 (full 3):
 PSYoungGen      total 346624K, used 324096K [0x00000000d5580000, 0x00000000ecb00000, 0x0000000100000000)
  eden space 324096K, 100% used [0x00000000d5580000,0x00000000e9200000,0x00000000e9200000)
  from space 22528K, 0% used [0x00000000eab80000,0x00000000eab80000,0x00000000ec180000)
  to   space 26112K, 0% used [0x00000000e9200000,0x00000000e9200000,0x00000000eab80000)
 ParOldGen       total 214016K, used 35372K [0x0000000080000000, 0x000000008d100000, 0x00000000d5580000)
  object space 214016K, 16% used [0x0000000080000000,0x000000008228b068,0x000000008d100000)
 Metaspace       used 68668K, capacity 71580K, committed 71704K, reserved 1112064K
  class space    used 9402K, capacity 9993K, committed 10032K, reserved 1048576K
Event: 6.191 GC heap after
Heap after GC invocations=12 (full 3):
 PSYoungGen      total 350208K, used 26093K [0x00000000d5580000, 0x00000000f1480000, 0x0000000100000000)
  eden space 324096K, 0% used [0x00000000d5580000,0x00000000d5580000,0x00000000e9200000)
  from space 26112K, 99% used [0x00000000e9200000,0x00000000eab7b628,0x00000000eab80000)
  to   space 30208K, 0% used [0x00000000ef700000,0x00000000ef700000,0x00000000f1480000)
 ParOldGen       total 214016K, used 35966K [0x0000000080000000, 0x000000008d100000, 0x00000000d5580000)
  object space 214016K, 16% used [0x0000000080000000,0x000000008231f968,0x000000008d100000)
 Metaspace       used 68668K, capacity 71580K, committed 71704K, reserved 1112064K
  class space    used 9402K, capacity 9993K, committed 10032K, reserved 1048576K
}

