# JRE version: OpenJDK Runtime Environment (8.0_242-b01) (build 1.8.0_242-release-1644-b01)
# Java VM: OpenJDK 64-Bit Server VM (25.242-b01 mixed mode windows-amd64 compressed oops)
Heap:
 PSYoungGen      total 384512K, used 292533K [0x00000000d5580000, 0x00000000ef980000, 0x0000000100000000)
  eden space 361472K, 77% used [0x00000000d5580000,0x00000000e65a5da0,0x00000000eb680000)
  from space 23040K, 60% used [0x00000000ee300000,0x00000000ef0876f8,0x00000000ef980000)
  to   space 34304K, 0% used [0x00000000eb680000,0x00000000eb680000,0x00000000ed800000)
 ParOldGen       total 294400K, used 68699K [0x0000000080000000, 0x0000000091f80000, 0x00000000d5580000)
  object space 294400K, 23% used [0x0000000080000000,0x0000000084316da8,0x0000000091f80000)
 Metaspace       used 103760K, capacity 108886K, committed 108976K, reserved 1144832K
  class space    used 13473K, capacity 14450K, committed 14512K, reserved 1048576K
GC Heap History (10 events):
Event: 36.361 GC heap before
{Heap before GC invocations=16 (full 3):
 PSYoungGen      total 297984K, used 297961K [0x00000000d5580000, 0x00000000ea700000, 0x0000000100000000)
  eden space 271872K, 100% used [0x00000000d5580000,0x00000000e5f00000,0x00000000e5f00000)
  from space 26112K, 99% used [0x00000000e8200000,0x00000000e9b7a5c8,0x00000000e9b80000)
  to   space 35840K, 0% used [0x00000000e5f00000,0x00000000e5f00000,0x00000000e8200000)
 ParOldGen       total 195072K, used 58165K [0x0000000080000000, 0x000000008be80000, 0x00000000d5580000)
  object space 195072K, 29% used [0x0000000080000000,0x00000000838cd598,0x000000008be80000)
 Metaspace       used 93734K, capacity 98056K, committed 98224K, reserved 1134592K
  class space    used 12536K, capacity 13389K, committed 13488K, reserved 1048576K
Event: 36.392 GC heap after
Heap after GC invocations=16 (full 3):
 PSYoungGen      total 307712K, used 16590K [0x00000000d5580000, 0x00000000ed000000, 0x0000000100000000)
  eden space 271872K, 0% used [0x00000000d5580000,0x00000000d5580000,0x00000000e5f00000)
  from space 35840K, 46% used [0x00000000e5f00000,0x00000000e6f33910,0x00000000e8200000)
  to   space 34304K, 0% used [0x00000000eae80000,0x00000000eae80000,0x00000000ed000000)
 ParOldGen       total 195072K, used 82605K [0x0000000080000000, 0x000000008be80000, 0x00000000d5580000)
  object space 195072K, 42% used [0x0000000080000000,0x00000000850ab438,0x000000008be80000)
 Metaspace       used 93734K, capacity 98056K, committed 98224K, reserved 1134592K
  class space    used 12536K, capacity 13389K, committed 13488K, reserved 1048576K
}
Event: 37.146 GC heap before
{Heap before GC invocations=17 (full 3):
 PSYoungGen      total 307712K, used 38491K [0x00000000d5580000, 0x00000000ed000000, 0x0000000100000000)
  eden space 271872K, 8% used [0x00000000d5580000,0x00000000d6ae3350,0x00000000e5f00000)
  from space 35840K, 46% used [0x00000000e5f00000,0x00000000e6f33910,0x00000000e8200000)
  to   space 34304K, 0% used [0x00000000eae80000,0x00000000eae80000,0x00000000ed000000)
 ParOldGen       total 195072K, used 82605K [0x0000000080000000, 0x000000008be80000, 0x00000000d5580000)
  object space 195072K, 42% used [0x0000000080000000,0x00000000850ab438,0x000000008be80000)
 Metaspace       used 94147K, capacity 98546K, committed 98600K, reserved 1134592K
  class space    used 12594K, capacity 13452K, committed 13488K, reserved 1048576K
Event: 37.153 GC heap after
Heap after GC invocations=17 (full 3):
 PSYoungGen      total 351232K, used 12352K [0x00000000d5580000, 0x00000000ece00000, 0x0000000100000000)
  eden space 318976K, 0% used [0x00000000d5580000,0x00000000d5580000,0x00000000e8d00000)
  from space 32256K, 38% used [0x00000000eae80000,0x00000000eba90258,0x00000000ece00000)
  to   space 33280K, 0% used [0x00000000e8d00000,0x00000000e8d00000,0x00000000ead80000)
 ParOldGen       total 195072K, used 82613K [0x0000000080000000, 0x000000008be80000, 0x00000000d5580000)
  object space 195072K, 42% used [0x0000000080000000,0x00000000850ad438,0x000000008be80000)
 Metaspace       used 94147K, capacity 98546K, committed 98600K, reserved 1134592K
  class space    used 12594K, capacity 13452K, committed 13488K, reserved 1048576K
}
Event: 37.153 GC heap before
{Heap before GC invocations=18 (full 4):
 PSYoungGen      total 351232K, used 12352K [0x00000000d5580000, 0x00000000ece00000, 0x0000000100000000)
  eden space 318976K, 0% used [0x00000000d5580000,0x00000000d5580000,0x00000000e8d00000)
  from space 32256K, 38% used [0x00000000eae80000,0x00000000eba90258,0x00000000ece00000)
  to   space 33280K, 0% used [0x00000000e8d00000,0x00000000e8d00000,0x00000000ead80000)
 ParOldGen       total 195072K, used 82613K [0x0000000080000000, 0x000000008be80000, 0x00000000d5580000)
  object space 195072K, 42% used [0x0000000080000000,0x00000000850ad438,0x000000008be80000)
 Metaspace       used 94147K, capacity 98546K, committed 98600K, reserved 1134592K
  class space    used 12594K, capacity 13452K, committed 13488K, reserved 1048576K
Event: 37.304 GC heap after
Heap after GC invocations=18 (full 4):
 PSYoungGen      total 351232K, used 0K [0x00000000d5580000, 0x00000000ece00000, 0x0000000100000000)
  eden space 318976K, 0% used [0x00000000d5580000,0x00000000d5580000,0x00000000e8d00000)
  from space 32256K, 0% used [0x00000000eae80000,0x00000000eae80000,0x00000000ece00000)
  to   space 33280K, 0% used [0x00000000e8d00000,0x00000000e8d00000,0x00000000ead80000)
 ParOldGen       total 294400K, used 68683K [0x0000000080000000, 0x0000000091f80000, 0x00000000d5580000)
  object space 294400K, 23% used [0x0000000080000000,0x0000000084312da8,0x0000000091f80000)
 Metaspace       used 93865K, capacity 97842K, committed 98600K, reserved 1134592K
  class space    used 12496K, capacity 13278K, committed 13488K, reserved 1048576K
}
Event: 113.253 GC heap before
{Heap before GC invocations=19 (full 4):
 PSYoungGen      total 351232K, used 318976K [0x00000000d5580000, 0x00000000ece00000, 0x0000000100000000)
  eden space 318976K, 100% used [0x00000000d5580000,0x00000000e8d00000,0x00000000e8d00000)
  from space 32256K, 0% used [0x00000000eae80000,0x00000000eae80000,0x00000000ece00000)
  to   space 33280K, 0% used [0x00000000e8d00000,0x00000000e8d00000,0x00000000ead80000)
 ParOldGen       total 294400K, used 68683K [0x0000000080000000, 0x0000000091f80000, 0x00000000d5580000)
  object space 294400K, 23% used [0x0000000080000000,0x0000000084312da8,0x0000000091f80000)
 Metaspace       used 101949K, capacity 106458K, committed 106544K, reserved 1140736K
  class space    used 13389K, capacity 14304K, committed 14384K, reserved 1048576K
Event: 113.276 GC heap after
Heap after GC invocations=19 (full 4):
 PSYoungGen      total 352256K, used 26990K [0x00000000d5580000, 0x00000000f0580000, 0x0000000100000000)
  eden space 318976K, 0% used [0x00000000d5580000,0x00000000d5580000,0x00000000e8d00000)
  from space 33280K, 81% used [0x00000000e8d00000,0x00000000ea75bb18,0x00000000ead80000)
  to   space 35328K, 0% used [0x00000000ee300000,0x00000000ee300000,0x00000000f0580000)
 ParOldGen       total 294400K, used 68691K [0x0000000080000000, 0x0000000091f80000, 0x00000000d5580000)
  object space 294400K, 23% used [0x0000000080000000,0x0000000084314da8,0x0000000091f80000)
 Metaspace       used 101949K, capacity 106458K, committed 106544K, reserved 1140736K
  class space    used 13389K, capacity 14304K, committed 14384K, reserved 1048576K
}
Event: 239.725 GC heap before
{Heap before GC invocations=20 (full 4):
 PSYoungGen      total 352256K, used 345966K [0x00000000d5580000, 0x00000000f0580000, 0x0000000100000000)
  eden space 318976K, 100% used [0x00000000d5580000,0x00000000e8d00000,0x00000000e8d00000)
  from space 33280K, 81% used [0x00000000e8d00000,0x00000000ea75bb18,0x00000000ead80000)
  to   space 35328K, 0% used [0x00000000ee300000,0x00000000ee300000,0x00000000f0580000)
 ParOldGen       total 294400K, used 68691K [0x0000000080000000, 0x0000000091f80000, 0x00000000d5580000)
  object space 294400K, 23% used [0x0000000080000000,0x0000000084314da8,0x0000000091f80000)
 Metaspace       used 103157K, capacity 108138K, committed 108464K, reserved 1142784K
  class space    used 13448K, capacity 14406K, committed 14512K, reserved 1048576K
Event: 239.737 GC heap after
Heap after GC invocations=20 (full 4):
 PSYoungGen      total 384512K, used 13853K [0x00000000d5580000, 0x00000000ef980000, 0x0000000100000000)
  eden space 361472K, 0% used [0x00000000d5580000,0x00000000d5580000,0x00000000eb680000)
  from space 23040K, 60% used [0x00000000ee300000,0x00000000ef0876f8,0x00000000ef980000)
  to   space 34304K, 0% used [0x00000000eb680000,0x00000000eb680000,0x00000000ed800000)
 ParOldGen       total 294400K, used 68699K [0x0000000080000000, 0x0000000091f80000, 0x00000000d5580000)
  object space 294400K, 23% used [0x0000000080000000,0x0000000084316da8,0x0000000091f80000)
 Metaspace       used 103157K, capacity 108138K, committed 108464K, reserved 1142784K
  class space    used 13448K, capacity 14406K, committed 14512K, reserved 1048576K
}

